Flow report for mips_pipe
Wed Feb 24 11:13:22 2021
Quartus II Version 9.1 Build 222 10/21/2009 SJ Web Edition


---------------------
; Table of Contents ;
---------------------
  1. Legal Notice
  2. Flow Summary
  3. Flow Settings
  4. Flow Non-Default Global Settings
  5. Flow Elapsed Time
  6. Flow OS Summary
  7. Flow Log



----------------
; Legal Notice ;
----------------
Copyright (C) 1991-2009 Altera Corporation
Your use of Altera Corporation's design tools, logic functions 
and other software and tools, and its AMPP partner logic 
functions, and any output files from any of the foregoing 
(including device programming or simulation files), and any 
associated documentation or information are expressly subject 
to the terms and conditions of the Altera Program License 
Subscription Agreement, Altera MegaCore Function License 
Agreement, or other applicable license agreement, including, 
without limitation, that your use is for the sole purpose of 
programming logic devices manufactured by Altera and sold by 
Altera or its authorized distributors.  Please refer to the 
applicable agreement for further details.



+------------------------------------------------------------------------------+
; Flow Summary                                                                 ;
+------------------------------------+-----------------------------------------+
; Flow Status                        ; Successful - Wed Feb 24 11:13:22 2021   ;
; Quartus II Version                 ; 9.1 Build 222 10/21/2009 SJ Web Edition ;
; Revision Name                      ; mips_pipe                               ;
; Top-level Entity Name              ; MIPS_pipe                               ;
; Family                             ; Cyclone II                              ;
; Device                             ; EP2C35F672C6                            ;
; Timing Models                      ; Final                                   ;
; Met timing requirements            ; Yes                                     ;
; Total logic elements               ; 3,145 / 33,216 ( 9 % )                  ;
;     Total combinational functions  ; 2,774 / 33,216 ( 8 % )                  ;
;     Dedicated logic registers      ; 1,595 / 33,216 ( 5 % )                  ;
; Total registers                    ; 1595                                    ;
; Total pins                         ; 199 / 475 ( 42 % )                      ;
; Total virtual pins                 ; 0                                       ;
; Total memory bits                  ; 131,072 / 483,840 ( 27 % )              ;
; Embedded Multiplier 9-bit elements ; 0 / 70 ( 0 % )                          ;
; Total PLLs                         ; 1 / 4 ( 25 % )                          ;
+------------------------------------+-----------------------------------------+


+-----------------------------------------+
; Flow Settings                           ;
+-------------------+---------------------+
; Option            ; Setting             ;
+-------------------+---------------------+
; Start date & time ; 02/24/2021 11:11:56 ;
; Main task         ; Compilation         ;
; Revision Name     ; mips_pipe           ;
+-------------------+---------------------+


+---------------------------------------------------------------------------------------------------------------------+
; Flow Non-Default Global Settings                                                                                    ;
+------------------------------------+---------------------------------+---------------+-------------+----------------+
; Assignment Name                    ; Value                           ; Default Value ; Entity Name ; Section Id     ;
+------------------------------------+---------------------------------+---------------+-------------+----------------+
; COMPILER_SIGNATURE_ID              ; 115410753995166.161418311502232 ; --            ; --          ; --             ;
; IP_TOOL_NAME                       ; ALTPLL                          ; --            ; --          ; --             ;
; IP_TOOL_VERSION                    ; 9.1                             ; --            ; --          ; --             ;
; MAX_CORE_JUNCTION_TEMP             ; 85                              ; --            ; --          ; --             ;
; MIN_CORE_JUNCTION_TEMP             ; 0                               ; --            ; --          ; --             ;
; MISC_FILE                          ; pll.bsf                         ; --            ; --          ; --             ;
; MISC_FILE                          ; pll_inst.vhd                    ; --            ; --          ; --             ;
; MISC_FILE                          ; pll.inc                         ; --            ; --          ; --             ;
; MISC_FILE                          ; pll.cmp                         ; --            ; --          ; --             ;
; MISC_FILE                          ; pll.ppf                         ; --            ; --          ; --             ;
; MISC_FILE                          ; pll_syn.v                       ; --            ; --          ; --             ;
; PARTITION_COLOR                    ; 16764057                        ; --            ; --          ; Top            ;
; PARTITION_NETLIST_TYPE             ; SOURCE                          ; --            ; --          ; Top            ;
; TCO_REQUIREMENT                    ; 17 ns                           ; --            ; --          ; --             ;
; TH_REQUIREMENT                     ; 0.5 ns                          ; --            ; --          ; --             ;
; TPD_REQUIREMENT                    ; 2.7 ns                          ; --            ; --          ; --             ;
; TSU_REQUIREMENT                    ; 1 ns                            ; --            ; --          ; --             ;
; USE_GENERATED_PHYSICAL_CONSTRAINTS ; Off                             ; --            ; --          ; eda_blast_fpga ;
+------------------------------------+---------------------------------+---------------+-------------+----------------+


+-----------------------------------------------------------------------------------------------------------------------------+
; Flow Elapsed Time                                                                                                           ;
+-------------------------+--------------+-------------------------+---------------------+------------------------------------+
; Module Name             ; Elapsed Time ; Average Processors Used ; Peak Virtual Memory ; Total CPU Time (on all processors) ;
+-------------------------+--------------+-------------------------+---------------------+------------------------------------+
; Analysis & Synthesis    ; 00:00:26     ; 1.0                     ; 272 MB              ; 00:00:26                           ;
; Fitter                  ; 00:00:42     ; 1.0                     ; 299 MB              ; 00:00:43                           ;
; Assembler               ; 00:00:03     ; 1.0                     ; 267 MB              ; 00:00:03                           ;
; Classic Timing Analyzer ; 00:00:02     ; 1.0                     ; 189 MB              ; 00:00:02                           ;
; Total                   ; 00:01:13     ; --                      ; --                  ; 00:01:14                           ;
+-------------------------+--------------+-------------------------+---------------------+------------------------------------+


+------------------------------------------------------------------------------------------+
; Flow OS Summary                                                                          ;
+-------------------------+------------------+---------------+------------+----------------+
; Module Name             ; Machine Hostname ; OS Name       ; OS Version ; Processor type ;
+-------------------------+------------------+---------------+------------+----------------+
; Analysis & Synthesis    ; Lenovo-PC        ; Windows Vista ; 6.2        ; x86_64         ;
; Fitter                  ; Lenovo-PC        ; Windows Vista ; 6.2        ; x86_64         ;
; Assembler               ; Lenovo-PC        ; Windows Vista ; 6.2        ; x86_64         ;
; Classic Timing Analyzer ; Lenovo-PC        ; Windows Vista ; 6.2        ; x86_64         ;
+-------------------------+------------------+---------------+------------+----------------+


------------
; Flow Log ;
------------
quartus_map --read_settings_files=on --write_settings_files=off mips_pipe -c mips_pipe
quartus_fit --read_settings_files=off --write_settings_files=off mips_pipe -c mips_pipe
quartus_asm --read_settings_files=off --write_settings_files=off mips_pipe -c mips_pipe
quartus_tan --read_settings_files=off --write_settings_files=off mips_pipe -c mips_pipe --timing_analysis_only



